<?xml version="1.0" encoding="UTF-8"?>
<testsuite name="agh.ii.prinjava.lab03.exc03_01.impl.LinkedListBasedImplTest" tests="1" skipped="0" failures="0" errors="0" timestamp="2021-10-14T10:26:09" hostname="DESKTOP-P9DRGLP" time="0.019">
  <properties/>
  <testcase name="dequeue_test()" classname="agh.ii.prinjava.lab03.exc03_01.impl.LinkedListBasedImplTest" time="0.019"/>
  <system-out><![CDATA[]]></system-out>
  <system-err><![CDATA[]]></system-err>
</testsuite>
