<?xml version="1.0" encoding="UTF-8"?>
<testsuite name="agh.ii.prinjava.lab01.lst01_03.RectangleTest" tests="1" skipped="0" failures="0" errors="0" timestamp="2021-09-22T21:47:50" hostname="DESKTOP-P9DRGLP" time="0.033">
  <properties/>
  <testcase name="test_perimetre()" classname="agh.ii.prinjava.lab01.lst01_03.RectangleTest" time="0.033"/>
  <system-out><![CDATA[]]></system-out>
  <system-err><![CDATA[]]></system-err>
</testsuite>
