<?xml version="1.0" encoding="UTF-8"?>
<testsuite name="agh.ii.prinjava.proj1.impl.DLinkListTest" tests="1" skipped="0" failures="0" errors="0" timestamp="2021-10-19T19:38:46" hostname="DESKTOP-P9DRGLP" time="0.028">
  <properties/>
  <testcase name="to_string_test()" classname="agh.ii.prinjava.proj1.impl.DLinkListTest" time="0.028"/>
  <system-out><![CDATA[]]></system-out>
  <system-err><![CDATA[]]></system-err>
</testsuite>
